<?xml version="1.0" encoding="UTF-8"?>
<testng-results ignored="0" total="2" passed="2" failed="0" skipped="0">
  <reporter-output>
  </reporter-output>
  <suite started-at="2021-08-22T20:45:38 BST" name="Test Suite" finished-at="2021-08-22T20:45:47 BST" duration-ms="9696">
    <groups>
      <group name="cucumber">
        <method signature="AbstractTestNGCucumberTests.runScenario(io.cucumber.testng.PickleWrapper,io.cucumber.testng.FeatureWrapper)[pri:0, instance:testrunner.TestRunner@4738a206]" name="runScenario" class="io.cucumber.testng.AbstractTestNGCucumberTests"/>
      </group> <!-- cucumber -->
    </groups>
    <test started-at="2021-08-22T20:45:38 BST" name="Regression" finished-at="2021-08-22T20:45:47 BST" duration-ms="9696">
      <class name="testrunner.TestRunner">
        <test-method is-config="true" signature="setUpClass()[pri:0, instance:testrunner.TestRunner@4738a206]" started-at="2021-08-22T20:45:38 BST" name="setUpClass" finished-at="2021-08-22T20:45:38 BST" duration-ms="344" status="PASS">
          <reporter-output>
          </reporter-output>
        </test-method> <!-- setUpClass -->
        <test-method signature="runScenario(io.cucumber.testng.PickleWrapper,io.cucumber.testng.FeatureWrapper)[pri:0, instance:testrunner.TestRunner@4738a206]" started-at="2021-08-22T20:45:38 BST" name="runScenario" description="Runs Cucumber Scenarios" data-provider="scenarios" finished-at="2021-08-22T20:45:43 BST" duration-ms="4840" status="PASS">
          <params>
            <param index="0">
              <value>
                <![CDATA["Login to rediffmail with valid username and password"]]>
              </value>
            </param>
            <param index="1">
              <value>
                <![CDATA["Optional[Login to Rediffmail]"]]>
              </value>
            </param>
          </params>
          <reporter-output>
          </reporter-output>
        </test-method> <!-- runScenario -->
        <test-method signature="runScenario(io.cucumber.testng.PickleWrapper,io.cucumber.testng.FeatureWrapper)[pri:0, instance:testrunner.TestRunner@4738a206]" started-at="2021-08-22T20:45:43 BST" name="runScenario" description="Runs Cucumber Scenarios" data-provider="scenarios" finished-at="2021-08-22T20:45:47 BST" duration-ms="4411" status="PASS">
          <params>
            <param index="0">
              <value>
                <![CDATA["Login to rediffmail with invalid username and password"]]>
              </value>
            </param>
            <param index="1">
              <value>
                <![CDATA["Optional[Login to Rediffmail]"]]>
              </value>
            </param>
          </params>
          <reporter-output>
          </reporter-output>
        </test-method> <!-- runScenario -->
        <test-method is-config="true" signature="tearDownClass()[pri:0, instance:testrunner.TestRunner@4738a206]" started-at="2021-08-22T20:45:47 BST" name="tearDownClass" finished-at="2021-08-22T20:45:47 BST" duration-ms="70" status="PASS">
          <reporter-output>
          </reporter-output>
        </test-method> <!-- tearDownClass -->
      </class> <!-- testrunner.TestRunner -->
    </test> <!-- Regression -->
  </suite> <!-- Test Suite -->
</testng-results>
